<?xml version="1.0" encoding="UTF-8"?>
<testsuites name="jest tests" tests="4" failures="1" errors="0" time="1.427">
  <testsuite name="undefined" errors="0" failures="1" skipped="0" timestamp="2025-08-12T05:18:28" time="1.38" tests="4">
    <testcase classname=" missing values should result in failure" name=" missing values should result in failure" time="0.432">
    </testcase>
    <testcase classname=" complete input should succeed" name=" complete input should succeed" time="0.233">
    </testcase>
    <testcase classname=" should write result to file" name=" should write result to file" time="0.226">
    </testcase>
    <testcase classname=" offline mode should work with commit mode" name=" offline mode should work with commit mode" time="0.247">
      <failure>Error: Command failed: node /home/runner/work/release-changelog-builder-action/release-changelog-builder-action/lib/main.js
    at genericNodeError (node:internal/errors:984:15)
    at wrappedFn (node:internal/errors:538:14)
    at checkExecSyncError (node:child_process:891:11)
    at Module.execFileSync (node:child_process:927:15)
    at Object.&lt;anonymous&gt; (/home/runner/work/release-changelog-builder-action/release-changelog-builder-action/__tests__/main.test.ts:109:21)
    at Promise.finally.completed (/home/runner/work/release-changelog-builder-action/release-changelog-builder-action/node_modules/jest-circus/build/jestAdapterInit.js:1559:28)
    at new Promise (&lt;anonymous&gt;)
    at callAsyncCircusFn (/home/runner/work/release-changelog-builder-action/release-changelog-builder-action/node_modules/jest-circus/build/jestAdapterInit.js:1499:10)
    at _callCircusTest (/home/runner/work/release-changelog-builder-action/release-changelog-builder-action/node_modules/jest-circus/build/jestAdapterInit.js:1009:40)
    at processTicksAndRejections (node:internal/process/task_queues:95:5)
    at _runTest (/home/runner/work/release-changelog-builder-action/release-changelog-builder-action/node_modules/jest-circus/build/jestAdapterInit.js:949:3)
    at _runTestsForDescribeBlock (/home/runner/work/release-changelog-builder-action/release-changelog-builder-action/node_modules/jest-circus/build/jestAdapterInit.js:839:13)
    at run (/home/runner/work/release-changelog-builder-action/release-changelog-builder-action/node_modules/jest-circus/build/jestAdapterInit.js:757:3)
    at runAndTransformResultsToJestFormat (/home/runner/work/release-changelog-builder-action/release-changelog-builder-action/node_modules/jest-circus/build/jestAdapterInit.js:1920:21)
    at jestAdapter (/home/runner/work/release-changelog-builder-action/release-changelog-builder-action/node_modules/jest-circus/build/runner.js:101:19)
    at runTestInternal (/home/runner/work/release-changelog-builder-action/release-changelog-builder-action/node_modules/jest-runner/build/index.js:272:16)
    at runTest (/home/runner/work/release-changelog-builder-action/release-changelog-builder-action/node_modules/jest-runner/build/index.js:340:7)</failure>
    </testcase>
  </testsuite>
</testsuites>